09:27:57.827 INFO  [main][CourseSelectionApplication.logStarting(StartupInfoLogger.java:55)] Starting CourseSelectionApplication using Java 17.0.2 on DESKTOP-RMCKRPA with PID 6920 (C:\Users\HIBIKI\git\courseSelection\bin\main started by HIBIKI in C:\Users\HIBIKI\git\courseSelection)
09:27:57.836 INFO  [main][CourseSelectionApplication.logStartupProfileInfo(SpringApplication.java:631)] No active profile set, falling back to 1 default profile: "default"
09:27:59.862 INFO  [main][RepositoryConfigurationDelegate.registerRepositoriesIn(RepositoryConfigurationDelegate.java:132)] Bootstrapping Spring Data JPA repositories in DEFAULT mode.
09:28:00.098 INFO  [main][RepositoryConfigurationDelegate.registerRepositoriesIn(RepositoryConfigurationDelegate.java:201)] Finished Spring Data repository scanning in 206 ms. Found 5 JPA repository interfaces.
09:28:02.050 INFO  [main][TomcatWebServer.initialize(TomcatWebServer.java:108)] Tomcat initialized with port(s): 8080 (http)
09:28:02.073 INFO  [main][Http11NioProtocol.log(DirectJDKLog.java:173)] Initializing ProtocolHandler ["http-nio-8080"]
09:28:02.079 INFO  [main][StandardService.log(DirectJDKLog.java:173)] Starting service [Tomcat]
09:28:02.080 INFO  [main][StandardEngine.log(DirectJDKLog.java:173)] Starting Servlet engine: [Apache Tomcat/9.0.80]
09:28:02.394 INFO  [main][[/].log(DirectJDKLog.java:173)] Initializing Spring embedded WebApplicationContext
09:28:02.395 INFO  [main][ServletWebServerApplicationContext.prepareWebApplicationContext(ServletWebServerApplicationContext.java:292)] Root WebApplicationContext: initialization completed in 4255 ms
09:28:02.787 INFO  [main][HikariDataSource.getConnection(HikariDataSource.java:110)] HikariPool-1 - Starting...
09:28:03.323 INFO  [main][HikariDataSource.getConnection(HikariDataSource.java:123)] HikariPool-1 - Start completed.
09:28:04.151 INFO  [main][LogHelper.logPersistenceUnitInformation(LogHelper.java:31)] HHH000204: Processing PersistenceUnitInfo [name: default]
09:28:04.298 INFO  [main][Version.logVersion(Version.java:44)] HHH000412: Hibernate ORM core version 5.6.15.Final
09:28:05.125 INFO  [main][Version.<clinit>(JavaReflectionManager.java:56)] HCANN000001: Hibernate Commons Annotations {5.1.2.Final}
09:28:05.532 INFO  [main][Dialect.<init>(Dialect.java:175)] HHH000400: Using dialect: org.hibernate.dialect.MySQL8Dialect
09:28:07.614 INFO  [main][JtaPlatformInitiator.initiateService(JtaPlatformInitiator.java:52)] HHH000490: Using JtaPlatform implementation: [org.hibernate.engine.transaction.jta.platform.internal.NoJtaPlatform]
09:28:07.650 INFO  [main][LocalContainerEntityManagerFactoryBean.buildNativeEntityManagerFactory(AbstractEntityManagerFactoryBean.java:437)] Initialized JPA EntityManagerFactory for persistence unit 'default'
09:28:09.270 WARN  [main][JpaBaseConfiguration$JpaWebConfiguration.openEntityManagerInViewInterceptor(JpaBaseConfiguration.java:223)] spring.jpa.open-in-view is enabled by default. Therefore, database queries may be performed during view rendering. Explicitly configure spring.jpa.open-in-view to disable this warning
09:28:11.262 INFO  [main][Http11NioProtocol.log(DirectJDKLog.java:173)] Starting ProtocolHandler ["http-nio-8080"]
09:28:11.329 INFO  [main][TomcatWebServer.start(TomcatWebServer.java:220)] Tomcat started on port(s): 8080 (http) with context path ''
09:28:11.363 INFO  [main][CourseSelectionApplication.logStarted(StartupInfoLogger.java:61)] Started CourseSelectionApplication in 14.291 seconds (JVM running for 15.888)
09:30:02.457 INFO  [http-nio-8080-exec-1][[/].log(DirectJDKLog.java:173)] Initializing Spring DispatcherServlet 'dispatcherServlet'
09:30:02.458 INFO  [http-nio-8080-exec-1][DispatcherServlet.initServletBean(FrameworkServlet.java:525)] Initializing Servlet 'dispatcherServlet'
09:30:02.462 INFO  [http-nio-8080-exec-1][DispatcherServlet.initServletBean(FrameworkServlet.java:547)] Completed initialization in 3 ms
09:30:02.686 INFO  [http-nio-8080-exec-1][LoginAspect.around(LoginAspect.java:38)] api: ForgetPassword
09:30:36.661 INFO  [http-nio-8080-exec-4][LoginAspect.around(LoginAspect.java:38)] api: ForgetPassword
10:33:25.502 INFO  [main][CourseSelectionApplication.logStarting(StartupInfoLogger.java:55)] Starting CourseSelectionApplication using Java 17.0.2 on DESKTOP-RMCKRPA with PID 4620 (C:\Users\HIBIKI\git\courseSelection\bin\main started by HIBIKI in C:\Users\HIBIKI\git\courseSelection)
10:33:25.508 INFO  [main][CourseSelectionApplication.logStartupProfileInfo(SpringApplication.java:631)] No active profile set, falling back to 1 default profile: "default"
10:33:26.913 INFO  [main][RepositoryConfigurationDelegate.registerRepositoriesIn(RepositoryConfigurationDelegate.java:132)] Bootstrapping Spring Data JPA repositories in DEFAULT mode.
10:33:27.059 INFO  [main][RepositoryConfigurationDelegate.registerRepositoriesIn(RepositoryConfigurationDelegate.java:201)] Finished Spring Data repository scanning in 123 ms. Found 5 JPA repository interfaces.
10:33:28.691 INFO  [main][TomcatWebServer.initialize(TomcatWebServer.java:108)] Tomcat initialized with port(s): 8080 (http)
10:33:28.706 INFO  [main][Http11NioProtocol.log(DirectJDKLog.java:173)] Initializing ProtocolHandler ["http-nio-8080"]
10:33:28.710 INFO  [main][StandardService.log(DirectJDKLog.java:173)] Starting service [Tomcat]
10:33:28.710 INFO  [main][StandardEngine.log(DirectJDKLog.java:173)] Starting Servlet engine: [Apache Tomcat/9.0.80]
10:33:29.007 INFO  [main][[/].log(DirectJDKLog.java:173)] Initializing Spring embedded WebApplicationContext
10:33:29.008 INFO  [main][ServletWebServerApplicationContext.prepareWebApplicationContext(ServletWebServerApplicationContext.java:292)] Root WebApplicationContext: initialization completed in 3368 ms
10:33:29.269 INFO  [main][HikariDataSource.getConnection(HikariDataSource.java:110)] HikariPool-1 - Starting...
10:33:29.702 INFO  [main][HikariDataSource.getConnection(HikariDataSource.java:123)] HikariPool-1 - Start completed.
10:33:30.219 INFO  [main][LogHelper.logPersistenceUnitInformation(LogHelper.java:31)] HHH000204: Processing PersistenceUnitInfo [name: default]
10:33:30.319 INFO  [main][Version.logVersion(Version.java:44)] HHH000412: Hibernate ORM core version 5.6.15.Final
10:33:30.730 INFO  [main][Version.<clinit>(JavaReflectionManager.java:56)] HCANN000001: Hibernate Commons Annotations {5.1.2.Final}
10:33:31.059 INFO  [main][Dialect.<init>(Dialect.java:175)] HHH000400: Using dialect: org.hibernate.dialect.MySQL8Dialect
10:33:32.444 INFO  [main][JtaPlatformInitiator.initiateService(JtaPlatformInitiator.java:52)] HHH000490: Using JtaPlatform implementation: [org.hibernate.engine.transaction.jta.platform.internal.NoJtaPlatform]
10:33:32.469 INFO  [main][LocalContainerEntityManagerFactoryBean.buildNativeEntityManagerFactory(AbstractEntityManagerFactoryBean.java:437)] Initialized JPA EntityManagerFactory for persistence unit 'default'
10:33:33.743 WARN  [main][JpaBaseConfiguration$JpaWebConfiguration.openEntityManagerInViewInterceptor(JpaBaseConfiguration.java:223)] spring.jpa.open-in-view is enabled by default. Therefore, database queries may be performed during view rendering. Explicitly configure spring.jpa.open-in-view to disable this warning
10:33:34.949 INFO  [main][Http11NioProtocol.log(DirectJDKLog.java:173)] Starting ProtocolHandler ["http-nio-8080"]
10:33:35.000 INFO  [main][TomcatWebServer.start(TomcatWebServer.java:220)] Tomcat started on port(s): 8080 (http) with context path ''
10:33:35.032 INFO  [main][CourseSelectionApplication.logStarted(StartupInfoLogger.java:61)] Started CourseSelectionApplication in 10.309 seconds (JVM running for 11.971)
10:33:55.301 INFO  [main][CourseSelectionApplication.logStarting(StartupInfoLogger.java:55)] Starting CourseSelectionApplication using Java 17.0.2 on DESKTOP-RMCKRPA with PID 14112 (C:\Users\HIBIKI\git\courseSelection\bin\main started by HIBIKI in C:\Users\HIBIKI\git\courseSelection)
10:33:55.311 INFO  [main][CourseSelectionApplication.logStartupProfileInfo(SpringApplication.java:631)] No active profile set, falling back to 1 default profile: "default"
10:33:57.141 INFO  [main][RepositoryConfigurationDelegate.registerRepositoriesIn(RepositoryConfigurationDelegate.java:132)] Bootstrapping Spring Data JPA repositories in DEFAULT mode.
10:33:57.323 INFO  [main][RepositoryConfigurationDelegate.registerRepositoriesIn(RepositoryConfigurationDelegate.java:201)] Finished Spring Data repository scanning in 147 ms. Found 5 JPA repository interfaces.
10:33:59.905 INFO  [main][TomcatWebServer.initialize(TomcatWebServer.java:108)] Tomcat initialized with port(s): 8080 (http)
10:33:59.926 INFO  [main][Http11NioProtocol.log(DirectJDKLog.java:173)] Initializing ProtocolHandler ["http-nio-8080"]
10:33:59.931 INFO  [main][StandardService.log(DirectJDKLog.java:173)] Starting service [Tomcat]
10:33:59.932 INFO  [main][StandardEngine.log(DirectJDKLog.java:173)] Starting Servlet engine: [Apache Tomcat/9.0.80]
10:34:00.244 INFO  [main][[/].log(DirectJDKLog.java:173)] Initializing Spring embedded WebApplicationContext
10:34:00.246 INFO  [main][ServletWebServerApplicationContext.prepareWebApplicationContext(ServletWebServerApplicationContext.java:292)] Root WebApplicationContext: initialization completed in 4799 ms
10:34:00.634 INFO  [main][HikariDataSource.getConnection(HikariDataSource.java:110)] HikariPool-1 - Starting...
10:34:01.061 INFO  [main][HikariDataSource.getConnection(HikariDataSource.java:123)] HikariPool-1 - Start completed.
10:34:01.456 INFO  [main][LogHelper.logPersistenceUnitInformation(LogHelper.java:31)] HHH000204: Processing PersistenceUnitInfo [name: default]
10:34:01.611 INFO  [main][Version.logVersion(Version.java:44)] HHH000412: Hibernate ORM core version 5.6.15.Final
10:34:02.106 INFO  [main][Version.<clinit>(JavaReflectionManager.java:56)] HCANN000001: Hibernate Commons Annotations {5.1.2.Final}
10:34:02.654 INFO  [main][Dialect.<init>(Dialect.java:175)] HHH000400: Using dialect: org.hibernate.dialect.MySQL8Dialect
10:34:04.147 INFO  [main][JtaPlatformInitiator.initiateService(JtaPlatformInitiator.java:52)] HHH000490: Using JtaPlatform implementation: [org.hibernate.engine.transaction.jta.platform.internal.NoJtaPlatform]
10:34:04.164 INFO  [main][LocalContainerEntityManagerFactoryBean.buildNativeEntityManagerFactory(AbstractEntityManagerFactoryBean.java:437)] Initialized JPA EntityManagerFactory for persistence unit 'default'
10:34:05.446 WARN  [main][JpaBaseConfiguration$JpaWebConfiguration.openEntityManagerInViewInterceptor(JpaBaseConfiguration.java:223)] spring.jpa.open-in-view is enabled by default. Therefore, database queries may be performed during view rendering. Explicitly configure spring.jpa.open-in-view to disable this warning
10:34:06.556 INFO  [main][Http11NioProtocol.log(DirectJDKLog.java:173)] Starting ProtocolHandler ["http-nio-8080"]
10:34:06.596 INFO  [main][TomcatWebServer.start(TomcatWebServer.java:220)] Tomcat started on port(s): 8080 (http) with context path ''
10:34:06.620 INFO  [main][CourseSelectionApplication.logStarted(StartupInfoLogger.java:61)] Started CourseSelectionApplication in 12.068 seconds (JVM running for 13.766)
10:34:30.492 INFO  [http-nio-8080-exec-1][[/].log(DirectJDKLog.java:173)] Initializing Spring DispatcherServlet 'dispatcherServlet'
10:34:30.493 INFO  [http-nio-8080-exec-1][DispatcherServlet.initServletBean(FrameworkServlet.java:525)] Initializing Servlet 'dispatcherServlet'
10:34:30.497 INFO  [http-nio-8080-exec-1][DispatcherServlet.initServletBean(FrameworkServlet.java:547)] Completed initialization in 3 ms
10:34:30.859 INFO  [http-nio-8080-exec-1][LoginAspect.around(LoginAspect.java:38)] api: ForgetPassword
10:34:38.220 INFO  [http-nio-8080-exec-4][LoginAspect.around(LoginAspect.java:38)] api: ForgetPassword
10:35:57.707 INFO  [http-nio-8080-exec-7][LoginAspect.around(LoginAspect.java:38)] api: ForgetPassword
10:36:04.435 INFO  [http-nio-8080-exec-9][LoginAspect.around(LoginAspect.java:38)] api: ForgetPassword
11:33:24.991 INFO  [main][CourseSelectionApplication.logStarting(StartupInfoLogger.java:55)] Starting CourseSelectionApplication using Java 17.0.2 on DESKTOP-RMCKRPA with PID 1996 (C:\Users\HIBIKI\git\courseSelection\bin\main started by HIBIKI in C:\Users\HIBIKI\git\courseSelection)
11:33:25.000 INFO  [main][CourseSelectionApplication.logStartupProfileInfo(SpringApplication.java:631)] No active profile set, falling back to 1 default profile: "default"
11:33:26.708 INFO  [main][RepositoryConfigurationDelegate.registerRepositoriesIn(RepositoryConfigurationDelegate.java:132)] Bootstrapping Spring Data JPA repositories in DEFAULT mode.
11:33:26.895 INFO  [main][RepositoryConfigurationDelegate.registerRepositoriesIn(RepositoryConfigurationDelegate.java:201)] Finished Spring Data repository scanning in 159 ms. Found 5 JPA repository interfaces.
11:33:29.114 INFO  [main][TomcatWebServer.initialize(TomcatWebServer.java:108)] Tomcat initialized with port(s): 8080 (http)
11:33:29.133 INFO  [main][Http11NioProtocol.log(DirectJDKLog.java:173)] Initializing ProtocolHandler ["http-nio-8080"]
11:33:29.138 INFO  [main][StandardService.log(DirectJDKLog.java:173)] Starting service [Tomcat]
11:33:29.138 INFO  [main][StandardEngine.log(DirectJDKLog.java:173)] Starting Servlet engine: [Apache Tomcat/9.0.80]
11:33:29.411 INFO  [main][[/].log(DirectJDKLog.java:173)] Initializing Spring embedded WebApplicationContext
11:33:29.412 INFO  [main][ServletWebServerApplicationContext.prepareWebApplicationContext(ServletWebServerApplicationContext.java:292)] Root WebApplicationContext: initialization completed in 4226 ms
11:33:29.751 INFO  [main][HikariDataSource.getConnection(HikariDataSource.java:110)] HikariPool-1 - Starting...
11:33:30.157 INFO  [main][HikariDataSource.getConnection(HikariDataSource.java:123)] HikariPool-1 - Start completed.
11:33:30.583 INFO  [main][LogHelper.logPersistenceUnitInformation(LogHelper.java:31)] HHH000204: Processing PersistenceUnitInfo [name: default]
11:33:30.727 INFO  [main][Version.logVersion(Version.java:44)] HHH000412: Hibernate ORM core version 5.6.15.Final
11:33:31.291 INFO  [main][Version.<clinit>(JavaReflectionManager.java:56)] HCANN000001: Hibernate Commons Annotations {5.1.2.Final}
11:33:31.588 INFO  [main][Dialect.<init>(Dialect.java:175)] HHH000400: Using dialect: org.hibernate.dialect.MySQL8Dialect
11:33:33.213 INFO  [main][JtaPlatformInitiator.initiateService(JtaPlatformInitiator.java:52)] HHH000490: Using JtaPlatform implementation: [org.hibernate.engine.transaction.jta.platform.internal.NoJtaPlatform]
11:33:33.235 INFO  [main][LocalContainerEntityManagerFactoryBean.buildNativeEntityManagerFactory(AbstractEntityManagerFactoryBean.java:437)] Initialized JPA EntityManagerFactory for persistence unit 'default'
11:33:34.482 WARN  [main][JpaBaseConfiguration$JpaWebConfiguration.openEntityManagerInViewInterceptor(JpaBaseConfiguration.java:223)] spring.jpa.open-in-view is enabled by default. Therefore, database queries may be performed during view rendering. Explicitly configure spring.jpa.open-in-view to disable this warning
11:33:35.692 INFO  [main][Http11NioProtocol.log(DirectJDKLog.java:173)] Starting ProtocolHandler ["http-nio-8080"]
11:33:35.752 INFO  [main][TomcatWebServer.start(TomcatWebServer.java:220)] Tomcat started on port(s): 8080 (http) with context path ''
11:33:35.774 INFO  [main][CourseSelectionApplication.logStarted(StartupInfoLogger.java:61)] Started CourseSelectionApplication in 11.523 seconds (JVM running for 12.984)
11:33:43.928 INFO  [http-nio-8080-exec-2][[/].log(DirectJDKLog.java:173)] Initializing Spring DispatcherServlet 'dispatcherServlet'
11:33:43.929 INFO  [http-nio-8080-exec-2][DispatcherServlet.initServletBean(FrameworkServlet.java:525)] Initializing Servlet 'dispatcherServlet'
11:33:43.935 INFO  [http-nio-8080-exec-2][DispatcherServlet.initServletBean(FrameworkServlet.java:547)] Completed initialization in 5 ms
11:33:49.196 INFO  [http-nio-8080-exec-4][LoginAspect.around(LoginAspect.java:38)] api: ForgetPassword
11:34:01.454 WARN  [http-nio-8080-exec-5][DefaultHandlerExceptionResolver.logException(AbstractHandlerExceptionResolver.java:208)] Resolved [org.springframework.web.HttpRequestMethodNotSupportedException: Request method 'GET' not supported]
11:34:22.358 INFO  [http-nio-8080-exec-3][LoginAspect.around(LoginAspect.java:38)] api: ResetPassword
11:34:42.871 INFO  [http-nio-8080-exec-6][LoginAspect.around(LoginAspect.java:38)] api: ResetPassword
11:37:21.866 INFO  [main][CourseSelectionApplication.logStarting(StartupInfoLogger.java:55)] Starting CourseSelectionApplication using Java 17.0.2 on DESKTOP-RMCKRPA with PID 13232 (C:\Users\HIBIKI\git\courseSelection\bin\main started by HIBIKI in C:\Users\HIBIKI\git\courseSelection)
11:37:21.876 INFO  [main][CourseSelectionApplication.logStartupProfileInfo(SpringApplication.java:631)] No active profile set, falling back to 1 default profile: "default"
11:37:23.953 INFO  [main][RepositoryConfigurationDelegate.registerRepositoriesIn(RepositoryConfigurationDelegate.java:132)] Bootstrapping Spring Data JPA repositories in DEFAULT mode.
11:37:24.141 INFO  [main][RepositoryConfigurationDelegate.registerRepositoriesIn(RepositoryConfigurationDelegate.java:201)] Finished Spring Data repository scanning in 161 ms. Found 5 JPA repository interfaces.
11:37:26.175 INFO  [main][TomcatWebServer.initialize(TomcatWebServer.java:108)] Tomcat initialized with port(s): 8080 (http)
11:37:26.192 INFO  [main][Http11NioProtocol.log(DirectJDKLog.java:173)] Initializing ProtocolHandler ["http-nio-8080"]
11:37:26.195 INFO  [main][StandardService.log(DirectJDKLog.java:173)] Starting service [Tomcat]
11:37:26.196 INFO  [main][StandardEngine.log(DirectJDKLog.java:173)] Starting Servlet engine: [Apache Tomcat/9.0.80]
11:37:26.492 INFO  [main][[/].log(DirectJDKLog.java:173)] Initializing Spring embedded WebApplicationContext
11:37:26.493 INFO  [main][ServletWebServerApplicationContext.prepareWebApplicationContext(ServletWebServerApplicationContext.java:292)] Root WebApplicationContext: initialization completed in 4455 ms
11:37:26.813 INFO  [main][HikariDataSource.getConnection(HikariDataSource.java:110)] HikariPool-1 - Starting...
11:37:27.211 INFO  [main][HikariDataSource.getConnection(HikariDataSource.java:123)] HikariPool-1 - Start completed.
11:37:27.607 INFO  [main][LogHelper.logPersistenceUnitInformation(LogHelper.java:31)] HHH000204: Processing PersistenceUnitInfo [name: default]
11:37:27.755 INFO  [main][Version.logVersion(Version.java:44)] HHH000412: Hibernate ORM core version 5.6.15.Final
11:37:28.193 INFO  [main][Version.<clinit>(JavaReflectionManager.java:56)] HCANN000001: Hibernate Commons Annotations {5.1.2.Final}
11:37:28.485 INFO  [main][Dialect.<init>(Dialect.java:175)] HHH000400: Using dialect: org.hibernate.dialect.MySQL8Dialect
11:37:29.858 INFO  [main][JtaPlatformInitiator.initiateService(JtaPlatformInitiator.java:52)] HHH000490: Using JtaPlatform implementation: [org.hibernate.engine.transaction.jta.platform.internal.NoJtaPlatform]
11:37:29.886 INFO  [main][LocalContainerEntityManagerFactoryBean.buildNativeEntityManagerFactory(AbstractEntityManagerFactoryBean.java:437)] Initialized JPA EntityManagerFactory for persistence unit 'default'
11:37:31.077 WARN  [main][JpaBaseConfiguration$JpaWebConfiguration.openEntityManagerInViewInterceptor(JpaBaseConfiguration.java:223)] spring.jpa.open-in-view is enabled by default. Therefore, database queries may be performed during view rendering. Explicitly configure spring.jpa.open-in-view to disable this warning
11:37:32.180 INFO  [main][Http11NioProtocol.log(DirectJDKLog.java:173)] Starting ProtocolHandler ["http-nio-8080"]
11:37:32.230 INFO  [main][TomcatWebServer.start(TomcatWebServer.java:220)] Tomcat started on port(s): 8080 (http) with context path ''
11:37:32.252 INFO  [main][CourseSelectionApplication.logStarted(StartupInfoLogger.java:61)] Started CourseSelectionApplication in 11.187 seconds (JVM running for 12.561)
11:37:50.206 INFO  [http-nio-8080-exec-1][[/].log(DirectJDKLog.java:173)] Initializing Spring DispatcherServlet 'dispatcherServlet'
11:37:50.206 INFO  [http-nio-8080-exec-1][DispatcherServlet.initServletBean(FrameworkServlet.java:525)] Initializing Servlet 'dispatcherServlet'
11:37:50.213 INFO  [http-nio-8080-exec-1][DispatcherServlet.initServletBean(FrameworkServlet.java:547)] Completed initialization in 6 ms
11:37:55.992 INFO  [http-nio-8080-exec-3][LoginAspect.around(LoginAspect.java:38)] api: ForgetPassword
11:39:17.718 INFO  [http-nio-8080-exec-6][LoginAspect.around(LoginAspect.java:38)] api: ForgetPassword
11:40:44.724 INFO  [main][CourseSelectionApplication.logStarting(StartupInfoLogger.java:55)] Starting CourseSelectionApplication using Java 17.0.2 on DESKTOP-RMCKRPA with PID 10188 (C:\Users\HIBIKI\git\courseSelection\bin\main started by HIBIKI in C:\Users\HIBIKI\git\courseSelection)
11:40:44.734 INFO  [main][CourseSelectionApplication.logStartupProfileInfo(SpringApplication.java:631)] No active profile set, falling back to 1 default profile: "default"
11:40:46.508 INFO  [main][RepositoryConfigurationDelegate.registerRepositoriesIn(RepositoryConfigurationDelegate.java:132)] Bootstrapping Spring Data JPA repositories in DEFAULT mode.
11:40:46.680 INFO  [main][RepositoryConfigurationDelegate.registerRepositoriesIn(RepositoryConfigurationDelegate.java:201)] Finished Spring Data repository scanning in 145 ms. Found 5 JPA repository interfaces.
11:40:48.563 INFO  [main][TomcatWebServer.initialize(TomcatWebServer.java:108)] Tomcat initialized with port(s): 8080 (http)
11:40:48.582 INFO  [main][Http11NioProtocol.log(DirectJDKLog.java:173)] Initializing ProtocolHandler ["http-nio-8080"]
11:40:48.586 INFO  [main][StandardService.log(DirectJDKLog.java:173)] Starting service [Tomcat]
11:40:48.587 INFO  [main][StandardEngine.log(DirectJDKLog.java:173)] Starting Servlet engine: [Apache Tomcat/9.0.80]
11:40:48.877 INFO  [main][[/].log(DirectJDKLog.java:173)] Initializing Spring embedded WebApplicationContext
11:40:48.879 INFO  [main][ServletWebServerApplicationContext.prepareWebApplicationContext(ServletWebServerApplicationContext.java:292)] Root WebApplicationContext: initialization completed in 3965 ms
11:40:49.208 INFO  [main][HikariDataSource.getConnection(HikariDataSource.java:110)] HikariPool-1 - Starting...
11:40:49.650 INFO  [main][HikariDataSource.getConnection(HikariDataSource.java:123)] HikariPool-1 - Start completed.
11:40:50.106 INFO  [main][LogHelper.logPersistenceUnitInformation(LogHelper.java:31)] HHH000204: Processing PersistenceUnitInfo [name: default]
11:40:50.274 INFO  [main][Version.logVersion(Version.java:44)] HHH000412: Hibernate ORM core version 5.6.15.Final
11:40:50.731 INFO  [main][Version.<clinit>(JavaReflectionManager.java:56)] HCANN000001: Hibernate Commons Annotations {5.1.2.Final}
11:40:51.034 INFO  [main][Dialect.<init>(Dialect.java:175)] HHH000400: Using dialect: org.hibernate.dialect.MySQL8Dialect
11:40:52.389 INFO  [main][JtaPlatformInitiator.initiateService(JtaPlatformInitiator.java:52)] HHH000490: Using JtaPlatform implementation: [org.hibernate.engine.transaction.jta.platform.internal.NoJtaPlatform]
11:40:52.415 INFO  [main][LocalContainerEntityManagerFactoryBean.buildNativeEntityManagerFactory(AbstractEntityManagerFactoryBean.java:437)] Initialized JPA EntityManagerFactory for persistence unit 'default'
11:40:53.636 WARN  [main][JpaBaseConfiguration$JpaWebConfiguration.openEntityManagerInViewInterceptor(JpaBaseConfiguration.java:223)] spring.jpa.open-in-view is enabled by default. Therefore, database queries may be performed during view rendering. Explicitly configure spring.jpa.open-in-view to disable this warning
11:40:54.754 INFO  [main][Http11NioProtocol.log(DirectJDKLog.java:173)] Starting ProtocolHandler ["http-nio-8080"]
11:40:54.815 INFO  [main][TomcatWebServer.start(TomcatWebServer.java:220)] Tomcat started on port(s): 8080 (http) with context path ''
11:40:54.839 INFO  [main][CourseSelectionApplication.logStarted(StartupInfoLogger.java:61)] Started CourseSelectionApplication in 10.97 seconds (JVM running for 12.18)
11:41:01.763 INFO  [http-nio-8080-exec-2][[/].log(DirectJDKLog.java:173)] Initializing Spring DispatcherServlet 'dispatcherServlet'
11:41:01.765 INFO  [http-nio-8080-exec-2][DispatcherServlet.initServletBean(FrameworkServlet.java:525)] Initializing Servlet 'dispatcherServlet'
11:41:01.768 INFO  [http-nio-8080-exec-2][DispatcherServlet.initServletBean(FrameworkServlet.java:547)] Completed initialization in 1 ms
11:41:02.000 INFO  [http-nio-8080-exec-2][LoginAspect.around(LoginAspect.java:40)] api: ForgetPassword
11:41:57.166 INFO  [main][CourseSelectionApplication.logStarting(StartupInfoLogger.java:55)] Starting CourseSelectionApplication using Java 17.0.2 on DESKTOP-RMCKRPA with PID 7360 (C:\Users\HIBIKI\git\courseSelection\bin\main started by HIBIKI in C:\Users\HIBIKI\git\courseSelection)
11:41:57.173 INFO  [main][CourseSelectionApplication.logStartupProfileInfo(SpringApplication.java:631)] No active profile set, falling back to 1 default profile: "default"
11:41:58.888 INFO  [main][RepositoryConfigurationDelegate.registerRepositoriesIn(RepositoryConfigurationDelegate.java:132)] Bootstrapping Spring Data JPA repositories in DEFAULT mode.
11:41:59.175 INFO  [main][RepositoryConfigurationDelegate.registerRepositoriesIn(RepositoryConfigurationDelegate.java:201)] Finished Spring Data repository scanning in 250 ms. Found 5 JPA repository interfaces.
11:42:01.023 INFO  [main][TomcatWebServer.initialize(TomcatWebServer.java:108)] Tomcat initialized with port(s): 8080 (http)
11:42:01.041 INFO  [main][Http11NioProtocol.log(DirectJDKLog.java:173)] Initializing ProtocolHandler ["http-nio-8080"]
11:42:01.046 INFO  [main][StandardService.log(DirectJDKLog.java:173)] Starting service [Tomcat]
11:42:01.047 INFO  [main][StandardEngine.log(DirectJDKLog.java:173)] Starting Servlet engine: [Apache Tomcat/9.0.80]
11:42:01.306 INFO  [main][[/].log(DirectJDKLog.java:173)] Initializing Spring embedded WebApplicationContext
11:42:01.307 INFO  [main][ServletWebServerApplicationContext.prepareWebApplicationContext(ServletWebServerApplicationContext.java:292)] Root WebApplicationContext: initialization completed in 3992 ms
11:42:01.612 INFO  [main][HikariDataSource.getConnection(HikariDataSource.java:110)] HikariPool-1 - Starting...
11:42:02.003 INFO  [main][HikariDataSource.getConnection(HikariDataSource.java:123)] HikariPool-1 - Start completed.
11:42:02.409 INFO  [main][LogHelper.logPersistenceUnitInformation(LogHelper.java:31)] HHH000204: Processing PersistenceUnitInfo [name: default]
11:42:02.529 INFO  [main][Version.logVersion(Version.java:44)] HHH000412: Hibernate ORM core version 5.6.15.Final
11:42:02.942 INFO  [main][Version.<clinit>(JavaReflectionManager.java:56)] HCANN000001: Hibernate Commons Annotations {5.1.2.Final}
11:42:03.229 INFO  [main][Dialect.<init>(Dialect.java:175)] HHH000400: Using dialect: org.hibernate.dialect.MySQL8Dialect
11:42:04.531 INFO  [main][JtaPlatformInitiator.initiateService(JtaPlatformInitiator.java:52)] HHH000490: Using JtaPlatform implementation: [org.hibernate.engine.transaction.jta.platform.internal.NoJtaPlatform]
11:42:04.557 INFO  [main][LocalContainerEntityManagerFactoryBean.buildNativeEntityManagerFactory(AbstractEntityManagerFactoryBean.java:437)] Initialized JPA EntityManagerFactory for persistence unit 'default'
11:42:05.778 WARN  [main][JpaBaseConfiguration$JpaWebConfiguration.openEntityManagerInViewInterceptor(JpaBaseConfiguration.java:223)] spring.jpa.open-in-view is enabled by default. Therefore, database queries may be performed during view rendering. Explicitly configure spring.jpa.open-in-view to disable this warning
11:42:06.932 INFO  [main][Http11NioProtocol.log(DirectJDKLog.java:173)] Starting ProtocolHandler ["http-nio-8080"]
11:42:06.983 INFO  [main][TomcatWebServer.start(TomcatWebServer.java:220)] Tomcat started on port(s): 8080 (http) with context path ''
11:42:07.017 INFO  [main][CourseSelectionApplication.logStarted(StartupInfoLogger.java:61)] Started CourseSelectionApplication in 10.614 seconds (JVM running for 11.785)
11:42:10.766 INFO  [http-nio-8080-exec-2][[/].log(DirectJDKLog.java:173)] Initializing Spring DispatcherServlet 'dispatcherServlet'
11:42:10.767 INFO  [http-nio-8080-exec-2][DispatcherServlet.initServletBean(FrameworkServlet.java:525)] Initializing Servlet 'dispatcherServlet'
11:42:10.770 INFO  [http-nio-8080-exec-2][DispatcherServlet.initServletBean(FrameworkServlet.java:547)] Completed initialization in 2 ms
14:43:30.991 INFO  [main][CourseSelectionApplication.logStarting(StartupInfoLogger.java:55)] Starting CourseSelectionApplication using Java 17.0.2 on DESKTOP-RMCKRPA with PID 14068 (C:\Users\HIBIKI\git\courseSelection\bin\main started by HIBIKI in C:\Users\HIBIKI\git\courseSelection)
14:43:31.014 INFO  [main][CourseSelectionApplication.logStartupProfileInfo(SpringApplication.java:631)] No active profile set, falling back to 1 default profile: "default"
14:43:33.920 INFO  [main][RepositoryConfigurationDelegate.registerRepositoriesIn(RepositoryConfigurationDelegate.java:132)] Bootstrapping Spring Data JPA repositories in DEFAULT mode.
14:43:34.140 INFO  [main][RepositoryConfigurationDelegate.registerRepositoriesIn(RepositoryConfigurationDelegate.java:201)] Finished Spring Data repository scanning in 176 ms. Found 5 JPA repository interfaces.
14:43:36.143 INFO  [main][TomcatWebServer.initialize(TomcatWebServer.java:108)] Tomcat initialized with port(s): 8080 (http)
14:43:36.157 INFO  [main][Http11NioProtocol.log(DirectJDKLog.java:173)] Initializing ProtocolHandler ["http-nio-8080"]
14:43:36.161 INFO  [main][StandardService.log(DirectJDKLog.java:173)] Starting service [Tomcat]
14:43:36.162 INFO  [main][StandardEngine.log(DirectJDKLog.java:173)] Starting Servlet engine: [Apache Tomcat/9.0.80]
14:43:36.444 INFO  [main][[/].log(DirectJDKLog.java:173)] Initializing Spring embedded WebApplicationContext
14:43:36.445 INFO  [main][ServletWebServerApplicationContext.prepareWebApplicationContext(ServletWebServerApplicationContext.java:292)] Root WebApplicationContext: initialization completed in 5092 ms
14:43:36.750 INFO  [main][HikariDataSource.getConnection(HikariDataSource.java:110)] HikariPool-1 - Starting...
14:43:37.188 INFO  [main][HikariDataSource.getConnection(HikariDataSource.java:123)] HikariPool-1 - Start completed.
14:43:37.729 INFO  [main][LogHelper.logPersistenceUnitInformation(LogHelper.java:31)] HHH000204: Processing PersistenceUnitInfo [name: default]
14:43:37.885 INFO  [main][Version.logVersion(Version.java:44)] HHH000412: Hibernate ORM core version 5.6.15.Final
14:43:38.353 INFO  [main][Version.<clinit>(JavaReflectionManager.java:56)] HCANN000001: Hibernate Commons Annotations {5.1.2.Final}
14:43:38.672 INFO  [main][Dialect.<init>(Dialect.java:175)] HHH000400: Using dialect: org.hibernate.dialect.MySQL8Dialect
14:43:40.107 INFO  [main][JtaPlatformInitiator.initiateService(JtaPlatformInitiator.java:52)] HHH000490: Using JtaPlatform implementation: [org.hibernate.engine.transaction.jta.platform.internal.NoJtaPlatform]
14:43:40.133 INFO  [main][LocalContainerEntityManagerFactoryBean.buildNativeEntityManagerFactory(AbstractEntityManagerFactoryBean.java:437)] Initialized JPA EntityManagerFactory for persistence unit 'default'
14:43:41.390 WARN  [main][JpaBaseConfiguration$JpaWebConfiguration.openEntityManagerInViewInterceptor(JpaBaseConfiguration.java:223)] spring.jpa.open-in-view is enabled by default. Therefore, database queries may be performed during view rendering. Explicitly configure spring.jpa.open-in-view to disable this warning
14:43:42.513 INFO  [main][Http11NioProtocol.log(DirectJDKLog.java:173)] Starting ProtocolHandler ["http-nio-8080"]
14:43:42.569 INFO  [main][TomcatWebServer.start(TomcatWebServer.java:220)] Tomcat started on port(s): 8080 (http) with context path ''
14:43:42.590 INFO  [main][CourseSelectionApplication.logStarted(StartupInfoLogger.java:61)] Started CourseSelectionApplication in 14.113 seconds (JVM running for 16.116)
14:43:50.693 INFO  [http-nio-8080-exec-1][[/].log(DirectJDKLog.java:173)] Initializing Spring DispatcherServlet 'dispatcherServlet'
14:43:50.694 INFO  [http-nio-8080-exec-1][DispatcherServlet.initServletBean(FrameworkServlet.java:525)] Initializing Servlet 'dispatcherServlet'
14:43:50.697 INFO  [http-nio-8080-exec-1][DispatcherServlet.initServletBean(FrameworkServlet.java:547)] Completed initialization in 2 ms
14:43:50.788 INFO  [http-nio-8080-exec-1][LoginAspect.around(LoginAspect.java:40)] api: LoginCheck
14:43:50.931 WARN  [http-nio-8080-exec-1][SessionIdGeneratorBase.log(DirectJDKLog.java:173)] Creation of SecureRandom instance for session ID generation using [SHA1PRNG] took [135] milliseconds.
14:52:02.338 INFO  [http-nio-8080-exec-4][LoginAspect.around(LoginAspect.java:40)] api: LoginCheck
15:13:39.616 INFO  [main][CourseSelectionApplication.logStarting(StartupInfoLogger.java:55)] Starting CourseSelectionApplication using Java 17.0.2 on DESKTOP-RMCKRPA with PID 12812 (C:\Users\HIBIKI\git\courseSelection\bin\main started by HIBIKI in C:\Users\HIBIKI\git\courseSelection)
15:13:39.631 INFO  [main][CourseSelectionApplication.logStartupProfileInfo(SpringApplication.java:631)] No active profile set, falling back to 1 default profile: "default"
15:13:41.342 INFO  [main][RepositoryConfigurationDelegate.registerRepositoriesIn(RepositoryConfigurationDelegate.java:132)] Bootstrapping Spring Data JPA repositories in DEFAULT mode.
15:13:41.491 INFO  [main][RepositoryConfigurationDelegate.registerRepositoriesIn(RepositoryConfigurationDelegate.java:201)] Finished Spring Data repository scanning in 125 ms. Found 5 JPA repository interfaces.
15:13:43.422 INFO  [main][TomcatWebServer.initialize(TomcatWebServer.java:108)] Tomcat initialized with port(s): 8080 (http)
15:13:43.440 INFO  [main][Http11NioProtocol.log(DirectJDKLog.java:173)] Initializing ProtocolHandler ["http-nio-8080"]
15:13:43.444 INFO  [main][StandardService.log(DirectJDKLog.java:173)] Starting service [Tomcat]
15:13:43.444 INFO  [main][StandardEngine.log(DirectJDKLog.java:173)] Starting Servlet engine: [Apache Tomcat/9.0.80]
15:13:43.725 INFO  [main][[/].log(DirectJDKLog.java:173)] Initializing Spring embedded WebApplicationContext
15:13:43.725 INFO  [main][ServletWebServerApplicationContext.prepareWebApplicationContext(ServletWebServerApplicationContext.java:292)] Root WebApplicationContext: initialization completed in 3864 ms
15:13:44.493 INFO  [main][HikariDataSource.getConnection(HikariDataSource.java:110)] HikariPool-1 - Starting...
15:13:44.925 INFO  [main][HikariDataSource.getConnection(HikariDataSource.java:123)] HikariPool-1 - Start completed.
15:13:45.315 INFO  [main][LogHelper.logPersistenceUnitInformation(LogHelper.java:31)] HHH000204: Processing PersistenceUnitInfo [name: default]
15:13:45.422 INFO  [main][Version.logVersion(Version.java:44)] HHH000412: Hibernate ORM core version 5.6.15.Final
15:13:45.772 INFO  [main][Version.<clinit>(JavaReflectionManager.java:56)] HCANN000001: Hibernate Commons Annotations {5.1.2.Final}
15:13:46.034 INFO  [main][Dialect.<init>(Dialect.java:175)] HHH000400: Using dialect: org.hibernate.dialect.MySQL8Dialect
15:13:47.132 INFO  [main][JtaPlatformInitiator.initiateService(JtaPlatformInitiator.java:52)] HHH000490: Using JtaPlatform implementation: [org.hibernate.engine.transaction.jta.platform.internal.NoJtaPlatform]
15:13:47.150 INFO  [main][LocalContainerEntityManagerFactoryBean.buildNativeEntityManagerFactory(AbstractEntityManagerFactoryBean.java:437)] Initialized JPA EntityManagerFactory for persistence unit 'default'
15:13:48.100 WARN  [main][JpaBaseConfiguration$JpaWebConfiguration.openEntityManagerInViewInterceptor(JpaBaseConfiguration.java:223)] spring.jpa.open-in-view is enabled by default. Therefore, database queries may be performed during view rendering. Explicitly configure spring.jpa.open-in-view to disable this warning
15:13:48.988 INFO  [main][Http11NioProtocol.log(DirectJDKLog.java:173)] Starting ProtocolHandler ["http-nio-8080"]
15:13:49.040 INFO  [main][TomcatWebServer.start(TomcatWebServer.java:220)] Tomcat started on port(s): 8080 (http) with context path ''
15:13:49.059 INFO  [main][CourseSelectionApplication.logStarted(StartupInfoLogger.java:61)] Started CourseSelectionApplication in 10.491 seconds (JVM running for 12.597)
15:13:57.937 INFO  [http-nio-8080-exec-2][[/].log(DirectJDKLog.java:173)] Initializing Spring DispatcherServlet 'dispatcherServlet'
15:13:57.938 INFO  [http-nio-8080-exec-2][DispatcherServlet.initServletBean(FrameworkServlet.java:525)] Initializing Servlet 'dispatcherServlet'
15:13:57.942 INFO  [http-nio-8080-exec-2][DispatcherServlet.initServletBean(FrameworkServlet.java:547)] Completed initialization in 3 ms
15:13:58.092 INFO  [http-nio-8080-exec-3][LoginAspect.around(LoginAspect.java:40)] api: LoginCheck
15:13:58.092 INFO  [http-nio-8080-exec-4][LoginAspect.around(LoginAspect.java:40)] api: LoginCheck
15:13:58.249 WARN  [http-nio-8080-exec-4][SessionIdGeneratorBase.log(DirectJDKLog.java:173)] Creation of SecureRandom instance for session ID generation using [SHA1PRNG] took [148] milliseconds.
15:13:58.252 WARN  [http-nio-8080-exec-3][SessionIdGeneratorBase.log(DirectJDKLog.java:173)] Creation of SecureRandom instance for session ID generation using [SHA1PRNG] took [148] milliseconds.
15:15:51.465 INFO  [http-nio-8080-exec-7][LoginAspect.around(LoginAspect.java:40)] api: LoginCheck
15:15:55.493 INFO  [http-nio-8080-exec-10][LoginAspect.around(LoginAspect.java:40)] api: LoginCheck
15:15:59.295 INFO  [http-nio-8080-exec-1][LoginAspect.around(LoginAspect.java:40)] api: LoginCheck
15:19:49.642 INFO  [http-nio-8080-exec-4][LoginAspect.around(LoginAspect.java:40)] api: LoginCheck
